2015-10-08 14:15:39.770 INFO [nioEventLoopGroup-2-1][Slf4JLogger.java:101] - [id: 0xe79ed911] REGISTERED
2015-10-08 14:15:39.775 INFO [nioEventLoopGroup-2-1][Slf4JLogger.java:101] - [id: 0xe79ed911] BIND: 0.0.0.0/0.0.0.0:8080
2015-10-08 14:15:39.778 INFO [nioEventLoopGroup-2-1][Slf4JLogger.java:101] - [id: 0xe79ed911, /0:0:0:0:0:0:0:0:8080] ACTIVE
2015-10-08 14:15:50.872 WARN [nioEventLoopGroup-2-1][Slf4JLogger.java:151] - Failed to initialize a channel. Closing: [id: 0x8cdf8016]
java.lang.NoClassDefFoundError: com/twitter/hpack/HeaderListener
	at io.netty.handler.codec.http2.DefaultHttp2FrameReader.<init>(DefaultHttp2FrameReader.java:84) ~[netty-all-4.1.0.Beta7.jar:4.1.0.Beta7]
	at io.netty.handler.codec.http2.Http2ConnectionHandler$BuilderBase.build(Http2ConnectionHandler.java:206) ~[netty-all-4.1.0.Beta7.jar:4.1.0.Beta7]
	at com.infogen.rpc.http2.client.Http2ClientInitializer.initChannel(Http2ClientInitializer.java:62) ~[classes/:?]
	at com.infogen.rpc.http2.client.Http2ClientInitializer.initChannel(Http2ClientInitializer.java:1) ~[classes/:?]
	at io.netty.channel.ChannelInitializer.channelRegistered(ChannelInitializer.java:68) ~[netty-all-4.1.0.Beta7.jar:4.1.0.Beta7]
	at io.netty.channel.ChannelHandlerInvokerUtil.invokeChannelRegisteredNow(ChannelHandlerInvokerUtil.java:32) [netty-all-4.1.0.Beta7.jar:4.1.0.Beta7]
	at io.netty.channel.DefaultChannelHandlerInvoker.invokeChannelRegistered(DefaultChannelHandlerInvoker.java:50) [netty-all-4.1.0.Beta7.jar:4.1.0.Beta7]
	at io.netty.channel.AbstractChannelHandlerContext.fireChannelRegistered(AbstractChannelHandlerContext.java:114) [netty-all-4.1.0.Beta7.jar:4.1.0.Beta7]
	at io.netty.channel.DefaultChannelPipeline.fireChannelRegistered(DefaultChannelPipeline.java:833) [netty-all-4.1.0.Beta7.jar:4.1.0.Beta7]
	at io.netty.channel.AbstractChannel$AbstractUnsafe.register0(AbstractChannel.java:503) [netty-all-4.1.0.Beta7.jar:4.1.0.Beta7]
	at io.netty.channel.AbstractChannel$AbstractUnsafe.access$100(AbstractChannel.java:417) [netty-all-4.1.0.Beta7.jar:4.1.0.Beta7]
	at io.netty.channel.AbstractChannel$AbstractUnsafe$1.run(AbstractChannel.java:477) [netty-all-4.1.0.Beta7.jar:4.1.0.Beta7]
	at io.netty.util.concurrent.SingleThreadEventExecutor.runAllTasks(SingleThreadEventExecutor.java:339) [netty-all-4.1.0.Beta7.jar:4.1.0.Beta7]
	at io.netty.channel.nio.NioEventLoop.run(NioEventLoop.java:356) [netty-all-4.1.0.Beta7.jar:4.1.0.Beta7]
	at io.netty.util.concurrent.SingleThreadEventExecutor$5.run(SingleThreadEventExecutor.java:742) [netty-all-4.1.0.Beta7.jar:4.1.0.Beta7]
	at io.netty.util.concurrent.DefaultThreadFactory$DefaultRunnableDecorator.run(DefaultThreadFactory.java:137) [netty-all-4.1.0.Beta7.jar:4.1.0.Beta7]
	at java.lang.Thread.run(Thread.java:745) [?:1.8.0_20]
Caused by: java.lang.ClassNotFoundException: com.twitter.hpack.HeaderListener
	at java.net.URLClassLoader$1.run(URLClassLoader.java:372) ~[?:1.8.0_20]
	at java.net.URLClassLoader$1.run(URLClassLoader.java:361) ~[?:1.8.0_20]
	at java.security.AccessController.doPrivileged(Native Method) ~[?:1.8.0_20]
	at java.net.URLClassLoader.findClass(URLClassLoader.java:360) ~[?:1.8.0_20]
	at java.lang.ClassLoader.loadClass(ClassLoader.java:424) ~[?:1.8.0_20]
	at sun.misc.Launcher$AppClassLoader.loadClass(Launcher.java:308) ~[?:1.8.0_20]
	at java.lang.ClassLoader.loadClass(ClassLoader.java:357) ~[?:1.8.0_20]
	... 17 more
2015-10-08 14:19:05.266 INFO [nioEventLoopGroup-2-1][Slf4JLogger.java:101] - [id: 0x9c4ef6d1] REGISTERED
2015-10-08 14:19:05.270 INFO [nioEventLoopGroup-2-1][Slf4JLogger.java:101] - [id: 0x9c4ef6d1] BIND: 0.0.0.0/0.0.0.0:8080
2015-10-08 14:19:05.273 INFO [nioEventLoopGroup-2-1][Slf4JLogger.java:101] - [id: 0x9c4ef6d1, /0:0:0:0:0:0:0:0:8080] ACTIVE
2015-10-08 14:19:12.077 INFO [nioEventLoopGroup-2-1][Slf4JLogger.java:101] - 
----------------OUTBOUND--------------------
SETTINGS: ack=false, settings={}
------------------------------------
2015-10-08 14:19:12.087 INFO [nioEventLoopGroup-2-1][Slf4JLogger.java:101] - 
----------------INBOUND--------------------
SETTINGS: ack=false, settings={}
------------------------------------
2015-10-08 14:19:12.089 INFO [nioEventLoopGroup-2-1][Slf4JLogger.java:101] - 
----------------OUTBOUND--------------------
SETTINGS ack=true
------------------------------------
2015-10-08 14:19:12.101 INFO [nioEventLoopGroup-2-1][Slf4JLogger.java:101] - 
----------------INBOUND--------------------
HEADERS: streamId=1, headers=DefaultHttp2Headers[:status: 200, http-to-http2-upgrade: true], streamDependency=0, weight=16, exclusive=false, padding=0, endStream=true
------------------------------------
2015-10-08 14:19:12.119 INFO [nioEventLoopGroup-2-1][Slf4JLogger.java:101] - 
----------------OUTBOUND--------------------
HEADERS: streamId=3, headers=DefaultHttp2Headers[:path: /whatever, :method: GET, :scheme: http, :authority: 127.0.0.1:8080, accept-encoding: gzip, accept-encoding: deflate], streamDependency=0, weight=16, exclusive=false, padding=0, end2015-10-08 14:19:12.125 INFO [nioEventLoopGroup-2-2][Slf4JLogger.java:101] - 
----------------INBOUND--------------------
HEADERS: streamId=3, headers=DefaultHttp2Headers[:path: /whatever, :method: GET, :scheme: http, :authori2015-10-08 14:19:12.131 INFO [nioEventLoopGroup-2-1][Slf4JLogger.java:101] - 
----------------INBOUND--------------------
HEADERS: streamId=3, headers=DefaultHttp2Headers[:status: 200], streamDependency=0, weight=16, exclusive=false, padding=0, endStream=false
------------------------------------
-----
HEADERS: streamId=3, headers=DefaultHttp2Headers[:status: 200], streamDependency=0, weight=16, exclusive=false, padding=0, endStream=false
------------------------------------
