2015-10-08 15:35:57.144 INFO [nioEventLoopGroup-2-1][Slf4JLogger.java:101] - [id: 0x208b2d21] REGISTERED
2015-10-08 15:35:57.154 INFO [nioEventLoopGroup-2-1][Slf4JLogger.java:101] - [id: 0x208b2d21] BIND: 0.0.0.0/0.0.0.0:8080
2015-10-08 15:35:57.158 INFO [nioEventLoopGroup-2-1][Slf4JLogger.java:101] - [id: 0x208b2d21, /0:0:0:0:0:0:0:0:8080] ACTIVE
2015-10-08 15:36:18.236 INFO [nioEventLoopGroup-2-1][Slf4JLogger.java:101] - 
----------------OUTBOUND--------------------
SETTINGS: ack=false, settings={}
------------------------------------
2015-10-08 15:36:18.244 INFO [nioEventLoopGroup-2-1][Slf4JLogger.java:101] - 
----------------INBOUND--------------------
SETTINGS: ack=false, settings={}
------------------------------------
2015-10-08 15:36:18.246 INFO [nioEventLoopGroup-2-1][Slf4JLogger.java:101] - 
----------------OUTBOUND--------------------
SETTINGS ack=true
------------------------------------
2015-10-08 15:36:18.258 INFO [nioEventLoopGroup-2-1][Slf4JLogger.java:101] - 
----------------INBOUND--------------------
HEADERS: streamId=1, headers=DefaultHttp2Headers[:status: 200, http-to-http2-upgrade: true], streamDependency=0, weight=16, exclusive=false, padding=0, endStream=true
------------------------------------
2015-10-08 15:36:18.275 INFO [nioEventLoopGroup-2-1][Slf4JLogger.java:101] - 
----------------OUTBOUND--------------------
HEADERS: streamId=3, headers=DefaultHttp2Headers[:path: /whatever, :method: GET, :scheme: http, :authority: 127.0.0.1:8080, accept-encoding: gzip, accept-encoding: deflate], streamDependency=0, weight=16, exclusive=false, padding=0, end2015-10-08 15:36:18.282 INFO [nioEventLoopGroup-3-1][Slf4JLogger.java:101] - 
----------------INBOUND--------------------
HEADERS: streamId=3, headers=DefaultHttp2Headers[:path: /whatever, :method: GET, :scheme: http, :authori2015-10-08 15:36:18.288 INFO [nioEventLoopGroup-2-1][Slf4JLogger.java:101] - 
----------------INBOUND--------------------
HEADERS: streamId=3, headers=DefaultHttp2Headers[:status: 200], streamDependency=0, weight=16, exclusive=false, padding=0, endStream=false
------------------------------------
-----
HEADERS: streamId=3, headers=DefaultHttp2Headers[:status: 200], streamDependency=0, weight=16, exclusive=false, padding=0, endStream=false
------------------------------------
2015-10-08 15:36:39.578 INFO [nioEventLoopGroup-2-1][Slf4JLogger.java:101] - [id: 0xdbde4a46] REGISTERED
2015-10-08 15:36:39.582 INFO [nioEventLoopGroup-2-1][Slf4JLogger.java:101] - [id: 0xdbde4a46] BIND: 0.0.0.0/0.0.0.0:8080
2015-10-08 15:36:39.585 INFO [nioEventLoopGroup-2-1][Slf4JLogger.java:101] - [id: 0xdbde4a46, /0:0:0:0:0:0:0:0:8080] ACTIVE
2015-10-08 15:39:32.055 INFO [nioEventLoopGroup-2-1][Slf4JLogger.java:101] - [id: 0xf997b400] REGISTERED
2015-10-08 15:39:32.061 INFO [nioEventLoopGroup-2-1][Slf4JLogger.java:101] - [id: 0xf997b400] BIND: 0.0.0.0/0.0.0.0:8080
2015-10-08 15:39:32.071 INFO [nioEventLoopGroup-2-1][Slf4JLogger.java:101] - [id: 0xf997b400, /0:0:0:0:0:0:0:0:8080] ACTIVE
2015-10-08 15:40:04.012 INFO [nioEventLoopGroup-2-1][Slf4JLogger.java:101] - [id: 0xf997b400, /0:0:0:0:0:0:0:0:8080] RECEIVED: [id: 0xb8dc131f, /127.0.0.1:57188 => /127.0.0.1:8080]
2015-10-08 15:40:24.207 INFO [nioEventLoopGroup-3-1][Slf4JLogger.java:101] - 
----------------OUTBOUND--------------------
SETTINGS: ack=false, settings={}
------------------------------------
2015-10-08 15:40:32.855 INFO [nioEventLoopGroup-3-1][Slf4JLogger.java:101] - 
----------------OUTBOUND--------------------
HEADERS: streamId=1, headers=DefaultHttp2Headers[:status: 200, http-to-http2-upgrade: true], streamDependency=0, weight=16, exclusive=false, padding=0, endStream=true
------------------------------------
2015-10-08 15:40:32.879 INFO [nioEventLoopGroup-3-1][Slf4JLogger.java:101] - 
----------------OUTBOUND--------------------
GO_AWAY: lastStreamId=1, errorCode=2, length=15, bytes=e696ade5bc80e79a84e7aea1e98193
------------------------------------
2015-10-08 15:40:32.881 ERROR [nioEventLoopGroup-3-1][Slf4JLogger.java:181] - Sending GOAWAY failed: lastStreamId '1', errorCode '2', debugData '断开的管道'. Forcing shutdown of the connection.
java.nio.channels.ClosedChannelException
2015-10-08 15:40:32.891 INFO [nioEventLoopGroup-3-1][Slf4JLogger.java:101] - 
----------------OUTBOUND--------------------
GO_AWAY: lastStreamId=1, errorCode=1, length=78, bytes=485454502f3220636c69656e74207072656661636520737472696e67206d697373696e67206f7220636f72727570742e204865782064756d7020666f72207265...
------------------------------------
2015-10-08 15:40:32.892 ERROR [nioEventLoopGroup-3-1][Slf4JLogger.java:181] - Sending GOAWAY failed: lastStreamId '1', errorCode '1', debugData 'HTTP/2 client preface string missing or corrupt. Hex dump for received bytes: '. Forcing shutdown of the connection.
java.nio.channels.ClosedChannelException
2015-10-08 15:41:03.642 INFO [nioEventLoopGroup-2-1][Slf4JLogger.java:101] - [id: 0x57475e50] REGISTERED
2015-10-08 15:41:03.646 INFO [nioEventLoopGroup-2-1][Slf4JLogger.java:101] - [id: 0x57475e50] BIND: 0.0.0.0/0.0.0.0:8080
2015-10-08 15:41:03.649 INFO [nioEventLoopGroup-2-1][Slf4JLogger.java:101] - [id: 0x57475e50, /0:0:0:0:0:0:0:0:8080] ACTIVE
2015-10-08 15:41:09.020 INFO [nioEventLoopGroup-2-1][Slf4JLogger.java:101] - [id: 0x57475e50, /0:0:0:0:0:0:0:0:8080] RECEIVED: [id: 0x65dfcd72, /127.0.0.1:57195 => /127.0.0.1:8080]
2015-10-08 15:41:19.028 INFO [nioEventLoopGroup-3-1][Slf4JLogger.java:101] - 
----------------OUTBOUND--------------------
SETTINGS: ack=false, settings={}
------------------------------------
2015-10-08 15:41:36.765 INFO [nioEventLoopGroup-3-1][Slf4JLogger.java:101] - 
----------------OUTBOUND--------------------
HEADERS: streamId=1, headers=DefaultHttp2Headers[:status: 200, http-to-http2-upgrade: true], streamDependency=0, weight=16, exclusive=false, padding=0, endStream=true
------------------------------------
2015-10-08 15:41:36.785 INFO [nioEventLoopGroup-3-1][Slf4JLogger.java:101] - 
----------------OUTBOUND--------------------
GO_AWAY: lastStreamId=1, errorCode=2, length=15, bytes=e696ade5bc80e79a84e7aea1e98193
------------------------------------
2015-10-08 15:41:36.787 ERROR [nioEventLoopGroup-3-1][Slf4JLogger.java:181] - Sending GOAWAY failed: lastStreamId '1', errorCode '2', debugData '断开的管道'. Forcing shutdown of the connection.
java.nio.channels.ClosedChannelException
2015-10-08 15:41:36.798 INFO [nioEventLoopGroup-3-1][Slf4JLogger.java:101] - 
----------------OUTBOUND--------------------
GO_AWAY: lastStreamId=1, errorCode=1, length=78, bytes=485454502f3220636c69656e74207072656661636520737472696e67206d697373696e67206f7220636f72727570742e204865782064756d7020666f72207265...
------------------------------------
2015-10-08 15:41:36.799 ERROR [nioEventLoopGroup-3-1][Slf4JLogger.java:181] - Sending GOAWAY failed: lastStreamId '1', errorCode '1', debugData 'HTTP/2 client preface string missing or corrupt. Hex dump for received bytes: '. Forcing shutdown of the connection.
java.nio.channels.ClosedChannelException
2015-10-08 15:42:09.726 INFO [nioEventLoopGroup-2-1][Slf4JLogger.java:101] - [id: 0x04d1b9a2] REGISTERED
2015-10-08 15:42:09.730 INFO [nioEventLoopGroup-2-1][Slf4JLogger.java:101] - [id: 0x04d1b9a2] BIND: 0.0.0.0/0.0.0.0:8080
2015-10-08 15:42:09.735 INFO [nioEventLoopGroup-2-1][Slf4JLogger.java:101] - [id: 0x04d1b9a2, /0:0:0:0:0:0:0:0:8080] ACTIVE
2015-10-08 15:42:16.277 INFO [nioEventLoopGroup-2-1][Slf4JLogger.java:101] - 
----------------OUTBOUND--------------------
SETTINGS: ack=false, settings={}
------------------------------------
2015-10-08 15:42:16.289 INFO [nioEventLoopGroup-2-1][Slf4JLogger.java:101] - 
----------------INBOUND--------------------
SETTINGS: ack=false, settings={}
------------------------------------
2015-10-08 15:42:16.291 INFO [nioEventLoopGroup-2-1][Slf4JLogger.java:101] - 
----------------OUTBOUND--------------------
SETTINGS ack=true
------------------------------------
2015-10-08 15:42:16.306 INFO [nioEventLoopGroup-2-1][Slf4JLogger.java:101] - 
----------------INBOUND--------------------
HEADERS: streamId=1, headers=DefaultHttp2Headers[:status: 200, http-to-http2-upgrade: true], streamDependency=0, weight=16, exclusive=false, padding=0, endStream=true
------------------------------------
2015-10-08 15:42:16.322 INFO [nioEventLoopGroup-2-1][Slf4JLogger.java:101] - 
----------------OUTBOUND--------------------
HEADERS: streamId=3, headers=DefaultHttp2Headers[:path: /whatever, :method: GET, :scheme: http, :authority: 127.0.0.1:8080, accept-encoding: gzip, accept-encoding: deflate], streamDependency=0, weight=16, exclusive=false, padding=0, end2015-10-08 15:42:16.329 INFO [nioEventLoopGroup-3-1][Slf4JLogger.java:101] - 
----------------INBOUND--------------------
HEADERS: streamId=3, headers=DefaultHttp2Headers[:path: /whatever, :method: GET, :scheme: http, :authori2015-10-08 15:42:41.244 INFO [nioEventLoopGroup-2-1][Slf4JLogger.java:101] - 
----------------INBOUND--------------------
HEADERS: streamId=3, headers=DefaultHttp2Headers[:status: 200], streamDependency=0, weight=16, exclusive=false, padding=0, endStream=false
------------------------------------
-----
HEADERS: streamId=3, headers=DefaultHttp2Headers[:status: 200], streamDependency=0, weight=16, exclusive=false, padding=0, endStream=false
------------------------------------
2015-10-08 15:45:18.164 INFO [nioEventLoopGroup-2-1][Slf4JLogger.java:101] - 
----------------OUTBOUND--------------------
SETTINGS: ack=false, settings={}
------------------------------------
2015-10-08 15:45:18.168 INFO [nioEventLoopGroup-2-1][Slf4JLogger.java:101] - 
----------------INBOUND--------------------
SETTINGS: ack=false, settings={}
------------------------------------
2015-10-08 15:45:18.168 INFO [nioEventLoopGroup-2-1][Slf4JLogger.java:101] - 
----------------OUTBOUND--------------------
SETTINGS ack=true
------------------------------------
2015-10-08 15:45:18.187 INFO [nioEventLoopGroup-2-1][Slf4JLogger.java:101] - 
----------------INBOUND--------------------
HEADERS: streamI2015-10-08 15:45:18.202 INFO [nioEventLoopGroup-3-2][Slf4JLogger.java:101] - 
----------------INBOUND--------------------
SETTINGS: ack=false, settings={}
---------------------------------2015-10-08 15:45:18.216 INFO [nioEventLoopGroup-2-1][Slf4JLogger.java:101] - 
----------------INBOUND--------------------
SETTINGS ack=true
------------------------------------
2015-10-08 15:45:22.249 INFO [nioEventLoopGroup-2-1][Slf4JLogger.java:101] - 
----------------OUTBOUND--------------------
HEADERS: streamId=3, headers=DefaultHttp2Headers[:path: /wh2015-10-08 15:45:22.252 INFO [nioEventLoopGroup-3-2][Slf4JLogger.java:101] - 
----------------INBOUND--------------------
HEADERS: streamId=3, headers=DefaultHttp2Headers[:path: /whatever, :method: GET, :scheme: http, :authori2015-10-08 15:45:28.590 INFO [nioEventLoopGroup-2-1][Slf4JLogger.java:101] - 
----------------INBOUND--------------------
HEADERS: streamId=3, headers=DefaultHttp2Headers[:status: 200], streamDependency=0, weight=16, exclusive=false, padding=0, endStream=false
------------------------------------
-----
HEADERS: streamId=3, headers=DefaultHttp2Headers[:status: 200], streamDependency=0, weight=16, exclusive=false, padding=0, endStream=false
------------------------------------
2015-10-08 15:45:51.336 INFO [nioEventLoopGroup-2-1][Slf4JLogger.java:101] - [id: 0x04d1b9a2, /0:0:0:0:0:0:0:0:8080] RECEIVED: [id: 0xb91feea8, /127.0.0.1:57217 => /127.0.0.1:8080]
2015-10-08 15:46:12.629 INFO [nioEventLoopGroup-3-3][Slf4JLogger.java:101] - 
----------------OUTBOUND--------------------
SETTINGS: ack=false, settings={}
------------------------------------
2015-10-08 15:46:12.631 INFO [nioEventLoopGroup-3-3][Slf4JLogger.java:101] - 
----------------OUTBOUND--------------------
HEADERS: streamId=1, headers=DefaultHttp2Headers[:status: 200, http-to-http2-upgrade: true], streamDependency=0, weight=16, exclusive=false, padding=0, endStream=true
------------------------------------
2015-10-08 15:46:12.636 INFO [nioEventLoopGroup-3-3][Slf4JLogger.java:101] - 
----------------OUTBOUND--------------------
GO_AWAY: lastStreamId=1, errorCode=2, length=15, bytes=e696ade5bc80e79a84e7aea1e98193
------------------------------------
2015-10-08 15:46:12.638 ERROR [nioEventLoopGroup-3-3][Slf4JLogger.java:181] - Sending GOAWAY failed: lastStreamId '1', errorCode '2', debugData '断开的管道'. Forcing shutdown of the connection.
java.nio.channels.ClosedChannelException
2015-10-08 15:46:12.645 INFO [nioEventLoopGroup-3-3][Slf4JLogger.java:101] - 
----------------OUTBOUND--------------------
GO_AWAY: lastStreamId=1, errorCode=1, length=78, bytes=485454502f3220636c69656e74207072656661636520737472696e67206d697373696e67206f7220636f72727570742e204865782064756d7020666f72207265...
------------------------------------
2015-10-08 15:46:12.646 ERROR [nioEventLoopGroup-3-3][Slf4JLogger.java:181] - Sending GOAWAY failed: lastStreamId '1', errorCode '1', debugData 'HTTP/2 client preface string missing or corrupt. Hex dump for received bytes: '. Forcing shutdown of the connection.
java.nio.channels.ClosedChannelException
2015-10-08 15:46:24.679 INFO [nioEventLoopGroup-2-1][Slf4JLogger.java:101] - 
----------------OUTBOUND--------------------
SETTINGS: ack=false, settings={}
------------------------------------
2015-10-08 15:46:24.686 INFO [nioEventLoopGroup-2-1][Slf4JLogger.java:101] - 
----------------INBOUND--------------------
SETTINGS: ack=false, settings={}
------------------------------------
2015-10-08 15:46:24.687 INFO [nioEventLoopGroup-2-1][Slf4JLogger.java:101] - 
----------------OUTBOUND--------------------
SETTINGS ack=true
------------------------------------
2015-10-08 15:46:24.707 INFO [nioEventLoopGroup-2-1][Slf4JLogger.java:101] - 
----------------INBOUND--------------------
HEADERS: streamId=1, headers=DefaultHttp2Headers[:status: 200, http-to-http2-upgrade: true], streamDependency=0, weight=16, exclusive=false, padding=0, endStream=true
------------------------------------
2015-10-08 15:46:24.734 INFO [nioEventLoopGroup-2-1][Slf4JLogger.java:101] - 
----------------OUTBOUND--------------------
HEADERS: streamId=3, headers=DefaultHttp2Headers[:path: /whatever, :method: GET, :scheme: http, :authority: 127.0.0.1:8080, accept-encoding: gzip, accept-encoding: deflate], streamDependency=0, weight=16, exclusive=false, padding=0, end2015-10-08 15:46:24.738 INFO [nioEventLoopGroup-3-4][Slf4JLogger.java:101] - 
----------------INBOUND--------------------
HEADERS: streamId=3, headers=DefaultHttp2Headers[:path: /whatever, :method: GET, :scheme: http, :authori2015-10-08 15:46:28.008 INFO [nioEventLoopGroup-2-1][Slf4JLogger.java:101] - 
----------------INBOUND--------------------
HEADERS: streamId=3, headers=DefaultHttp2Headers[:status: 200], streamDependency=0, weight=16, exclusive=false, padding=0, endStream=false
------------------------------------
-----
HEADERS: streamId=3, headers=DefaultHttp2Headers[:status: 200], streamDependency=0, weight=16, exclusive=false, padding=0, endStream=false
------------------------------------
